[debug] [2024-04-02T08:39:55.548Z] ----------------------------------------------------------------------
[debug] [2024-04-02T08:39:55.551Z] Command:       C:\Program Files\nodejs\node.exe C:\Users\Lenovo\AppData\Roaming\npm\node_modules\firebase-tools\lib\bin\firebase.js init
[debug] [2024-04-02T08:39:55.551Z] CLI Version:   13.6.0
[debug] [2024-04-02T08:39:55.552Z] Platform:      win32
[debug] [2024-04-02T08:39:55.552Z] Node Version:  v20.11.1
[debug] [2024-04-02T08:39:55.552Z] Time:          Tue Apr 02 2024 14:09:55 GMT+0530 (India Standard Time)
[debug] [2024-04-02T08:39:55.552Z] ----------------------------------------------------------------------
[debug] 
[debug] [2024-04-02T08:39:55.558Z] > command requires scopes: ["email","openid","https://www.googleapis.com/auth/cloudplatformprojects.readonly","https://www.googleapis.com/auth/firebase","https://www.googleapis.com/auth/cloud-platform"]
[debug] [2024-04-02T08:39:55.558Z] > authorizing via signed-in user (anandindian300@gmail.com)
[info] 
     ######## #### ########  ######## ########     ###     ######  ########
     ##        ##  ##     ## ##       ##     ##  ##   ##  ##       ##
     ######    ##  ########  ######   ########  #########  ######  ######
     ##        ##  ##    ##  ##       ##     ## ##     ##       ## ##
     ##       #### ##     ## ######## ########  ##     ##  ######  ########

You're about to initialize a Firebase project in this directory:

  C:\Users\Lenovo\OneDrive - MAIT\Desktop\new project\firebase project\client-details

[info] 
=== Project Setup
[info] 
[info] First, let's associate this project directory with a Firebase project.
[info] You can create multiple project aliases by running firebase use --add, 
[info] but for now we'll just set up a default project.
[info] 
[debug] [2024-04-02T08:40:46.460Z] > refreshing access token with scopes: []
[debug] [2024-04-02T08:40:46.462Z] >>> [apiv2][query] POST https://www.googleapis.com/oauth2/v3/token [none]
[debug] [2024-04-02T08:40:46.462Z] >>> [apiv2][body] POST https://www.googleapis.com/oauth2/v3/token [omitted]
[debug] [2024-04-02T08:40:46.702Z] <<< [apiv2][status] POST https://www.googleapis.com/oauth2/v3/token 200
[debug] [2024-04-02T08:40:46.703Z] <<< [apiv2][body] POST https://www.googleapis.com/oauth2/v3/token [omitted]
[debug] [2024-04-02T08:40:46.715Z] >>> [apiv2][query] GET https://firebase.googleapis.com/v1beta1/projects pageSize=100
[debug] [2024-04-02T08:40:47.586Z] <<< [apiv2][status] GET https://firebase.googleapis.com/v1beta1/projects 200
[debug] [2024-04-02T08:40:47.587Z] <<< [apiv2][body] GET https://firebase.googleapis.com/v1beta1/projects [omitted]
[info] i  Using project client-details-1eef4 (Client-Details) 
[info] 
=== Hosting Setup
[debug] [2024-04-02T08:40:58.756Z] >>> [apiv2][query] GET https://firebase.googleapis.com/v1beta1/projects/client-details-1eef4 [none]
[debug] [2024-04-02T08:40:59.256Z] <<< [apiv2][status] GET https://firebase.googleapis.com/v1beta1/projects/client-details-1eef4 200
[debug] [2024-04-02T08:40:59.256Z] <<< [apiv2][body] GET https://firebase.googleapis.com/v1beta1/projects/client-details-1eef4 {"projectId":"client-details-1eef4","projectNumber":"974852120809","displayName":"Client-Details","name":"projects/client-details-1eef4","resources":{"hostingSite":"client-details-1eef4","realtimeDatabaseInstance":"client-details-1eef4-default-rtdb"},"state":"ACTIVE","etag":"1_bb5f05af-5145-4752-8030-f35810d98bac"}
[info] 
[info] Your public directory is the folder (relative to your project directory) that
[info] will contain Hosting assets to be uploaded with firebase deploy. If you
[info] have a build process for your assets, use your build's output directory.
[info] 
[debug] [2024-04-02T08:41:27.832Z] ----------------------------------------------------------------------
[debug] [2024-04-02T08:41:27.835Z] Command:       C:\Program Files\nodejs\node.exe C:\Users\Lenovo\AppData\Roaming\npm\node_modules\firebase-tools\lib\bin\firebase.js init
[debug] [2024-04-02T08:41:27.835Z] CLI Version:   13.6.0
[debug] [2024-04-02T08:41:27.836Z] Platform:      win32
[debug] [2024-04-02T08:41:27.836Z] Node Version:  v20.11.1
[debug] [2024-04-02T08:41:27.836Z] Time:          Tue Apr 02 2024 14:11:27 GMT+0530 (India Standard Time)
[debug] [2024-04-02T08:41:27.836Z] ----------------------------------------------------------------------
[debug] 
[debug] [2024-04-02T08:41:27.842Z] > command requires scopes: ["email","openid","https://www.googleapis.com/auth/cloudplatformprojects.readonly","https://www.googleapis.com/auth/firebase","https://www.googleapis.com/auth/cloud-platform"]
[debug] [2024-04-02T08:41:27.843Z] > authorizing via signed-in user (anandindian300@gmail.com)
[info] 
     ######## #### ########  ######## ########     ###     ######  ########
     ##        ##  ##     ## ##       ##     ##  ##   ##  ##       ##
     ######    ##  ########  ######   ########  #########  ######  ######
     ##        ##  ##    ##  ##       ##     ## ##     ##       ## ##
     ##       #### ##     ## ######## ########  ##     ##  ######  ########

You're about to initialize a Firebase project in this directory:

  C:\Users\Lenovo\OneDrive - MAIT\Desktop\new project\firebase project\client-details

[info] 
=== Project Setup
[info] 
[info] First, let's associate this project directory with a Firebase project.
[info] You can create multiple project aliases by running firebase use --add, 
[info] but for now we'll just set up a default project.
[info] 
[debug] [2024-04-02T08:41:36.238Z] >>> [apiv2][query] GET https://firebase.googleapis.com/v1beta1/projects pageSize=100
[debug] [2024-04-02T08:41:37.060Z] <<< [apiv2][status] GET https://firebase.googleapis.com/v1beta1/projects 200
[debug] [2024-04-02T08:41:37.060Z] <<< [apiv2][body] GET https://firebase.googleapis.com/v1beta1/projects [omitted]
[info] i  Using project client-details-1eef4 (Client-Details) 
[info] 
=== Hosting Setup
[debug] [2024-04-02T08:41:38.478Z] >>> [apiv2][query] GET https://firebase.googleapis.com/v1beta1/projects/client-details-1eef4 [none]
[debug] [2024-04-02T08:41:38.836Z] <<< [apiv2][status] GET https://firebase.googleapis.com/v1beta1/projects/client-details-1eef4 200
[debug] [2024-04-02T08:41:38.836Z] <<< [apiv2][body] GET https://firebase.googleapis.com/v1beta1/projects/client-details-1eef4 {"projectId":"client-details-1eef4","projectNumber":"974852120809","displayName":"Client-Details","name":"projects/client-details-1eef4","resources":{"hostingSite":"client-details-1eef4","realtimeDatabaseInstance":"client-details-1eef4-default-rtdb"},"state":"ACTIVE","etag":"1_bb5f05af-5145-4752-8030-f35810d98bac"}
[info] 
[info] Your public directory is the folder (relative to your project directory) that
[info] will contain Hosting assets to be uploaded with firebase deploy. If you
[info] have a build process for your assets, use your build's output directory.
[info] 
[debug] [2024-04-02T08:41:52.520Z] >>> [apiv2][query] GET https://www.gstatic.com/firebasejs/releases.json [none]
[debug] [2024-04-02T08:41:52.626Z] <<< [apiv2][status] GET https://www.gstatic.com/firebasejs/releases.json 200
[debug] [2024-04-02T08:41:52.626Z] <<< [apiv2][body] GET https://www.gstatic.com/firebasejs/releases.json {"current":{"version":"10.10.0","browserURL":"https://www.gstatic.com/firebasejs/10.10.0/firebase.js","packageURL":"https://www.gstatic.com/firebasejs/10.10.0/firebase.tgz"},"live":{"version":"10.10","browserURL":"https://www.gstatic.com/firebasejs/live/10.10/firebase.js","packageURL":"https://www.gstatic.com/firebasejs/live/10.10/firebase.tgz"},"components":{"analytics":"https://www.gstatic.com/firebasejs/10.10.0/firebase-analytics.js","app":"https://www.gstatic.com/firebasejs/10.10.0/firebase-app.js","app-check":"https://www.gstatic.com/firebasejs/10.10.0/firebase-app-check.js","auth":"https://www.gstatic.com/firebasejs/10.10.0/firebase-auth.js","auth/cordova":"https://www.gstatic.com/firebasejs/10.10.0/firebase-auth/cordova.js","auth/web-extension":"https://www.gstatic.com/firebasejs/10.10.0/firebase-auth/web-extension.js","functions":"https://www.gstatic.com/firebasejs/10.10.0/firebase-functions.js","firestore":"https://www.gstatic.com/firebasejs/10.10.0/firebase-firestore.js","firestore/lite":"https://www.gstatic.com/firebasejs/10.10.0/firebase-firestore/lite.js","installations":"https://www.gstatic.com/firebasejs/10.10.0/firebase-installations.js","storage":"https://www.gstatic.com/firebasejs/10.10.0/firebase-storage.js","performance":"https://www.gstatic.com/firebasejs/10.10.0/firebase-performance.js","remote-config":"https://www.gstatic.com/firebasejs/10.10.0/firebase-remote-config.js","messaging":"https://www.gstatic.com/firebasejs/10.10.0/firebase-messaging.js","messaging/sw":"https://www.gstatic.com/firebasejs/10.10.0/firebase-messaging/sw.js","database":"https://www.gstatic.com/firebasejs/10.10.0/firebase-database.js","firestore.memory":"https://www.gstatic.com/firebasejs/10.10.0/firebase-firestore.memory.js"}}
[info] +  Wrote y/index.html 
[info] 
[info] i  Detected a .git folder at C:\Users\Lenovo\OneDrive - MAIT\Desktop\new project\firebase project\client-details 
[info] i  Authorizing with GitHub to upload your service account to a GitHub repository's secrets store. 
[info] 
[info] Visit this URL on this device to log in:
[info] https://github.com/login/oauth/authorize?client_id=89cf50f02ac6aaed3484&state=993507901&redirect_uri=http%3A%2F%2Flocalhost%3A9005&scope=read%3Auser%20repo%20public_repo
[info] 
[info] Waiting for authentication...
[debug] [2024-04-02T08:42:13.972Z] >>> [apiv2][query] POST https://github.com/login/oauth/access_token [none]
[debug] [2024-04-02T08:42:13.972Z] >>> [apiv2][body] POST https://github.com/login/oauth/access_token [stream]
[debug] [2024-04-02T08:42:14.390Z] <<< [apiv2][status] POST https://github.com/login/oauth/access_token 200
[debug] [2024-04-02T08:42:14.390Z] <<< [apiv2][body] POST https://github.com/login/oauth/access_token {"access_token":"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","token_type":"bearer","scope":"read:user,repo"}
[debug] [2024-04-02T08:42:14.413Z] >>> [apiv2][query] GET https://api.github.com/user [none]
[debug] [2024-04-02T08:42:14.849Z] <<< [apiv2][status] GET https://api.github.com/user 200
[debug] [2024-04-02T08:42:14.849Z] <<< [apiv2][body] GET https://api.github.com/user {"login":"bblackskulll063","id":98683404,"node_id":"U_kgDOBeHKDA","avatar_url":"https://avatars.githubusercontent.com/u/98683404?v=4","gravatar_id":"","url":"https://api.github.com/users/bblackskulll063","html_url":"https://github.com/bblackskulll063","followers_url":"https://api.github.com/users/bblackskulll063/followers","following_url":"https://api.github.com/users/bblackskulll063/following{/other_user}","gists_url":"https://api.github.com/users/bblackskulll063/gists{/gist_id}","starred_url":"https://api.github.com/users/bblackskulll063/starred{/owner}{/repo}","subscriptions_url":"https://api.github.com/users/bblackskulll063/subscriptions","organizations_url":"https://api.github.com/users/bblackskulll063/orgs","repos_url":"https://api.github.com/users/bblackskulll063/repos","events_url":"https://api.github.com/users/bblackskulll063/events{/privacy}","received_events_url":"https://api.github.com/users/bblackskulll063/received_events","type":"User","site_admin":false,"name":"Himanshu Anand","company":"Maharaja Agrasen Institute of Technology, Delhi (MAIT Delhi)","blog":"","location":null,"email":null,"hireable":null,"bio":null,"twitter_username":null,"public_repos":26,"public_gists":0,"followers":0,"following":0,"created_at":"2022-01-30T07:24:08Z","updated_at":"2024-03-20T06:57:23Z","private_gists":0,"total_private_repos":0,"owned_private_repos":0,"disk_usage":136354,"collaborators":0,"two_factor_authentication":false,"plan":{"name":"free","space":976562499,"collaborators":0,"private_repos":10000}}
[info] 
[info] +  Success! Logged into GitHub as bblackskulll063 
[info] 
